[2016-07-12 03:36:01] local.ERROR: exception 'ErrorException' with message 'Undefined variable: request' in E:\xampp\htdocs\fpt.vn\cem-2-portal-fpt-telecom\trunk\modules\Backend\Http\Controllers\BillController.php:19
Stack trace:
#0 E:\xampp\htdocs\fpt.vn\cem-2-portal-fpt-telecom\trunk\modules\Backend\Http\Controllers\BillController.php(19): Illuminate\Foundation\Bootstrap\HandleExceptions->handleError(8, 'Undefined varia...', 'E:\\xampp\\htdocs...', 19, Array)
#1 [internal function]: Modules\Backend\Http\Controllers\BillController->getList()
#2 E:\xampp\htdocs\fpt.vn\cem-2-portal-fpt-telecom\trunk\vendor\laravel\framework\src\Illuminate\Routing\Controller.php(80): call_user_func_array(Array, Array)
#3 E:\xampp\htdocs\fpt.vn\cem-2-portal-fpt-telecom\trunk\vendor\laravel\framework\src\Illuminate\Routing\ControllerDispatcher.php(146): Illuminate\Routing\Controller->callAction('getList', Array)
#4 E:\xampp\htdocs\fpt.vn\cem-2-portal-fpt-telecom\trunk\vendor\laravel\framework\src\Illuminate\Routing\ControllerDispatcher.php(94): Illuminate\Routing\ControllerDispatcher->call(Object(Modules\Backend\Http\Controllers\BillController), Object(Illuminate\Routing\Route), 'getList')
#5 [internal function]: Illuminate\Routing\ControllerDispatcher->Illuminate\Routing\{closure}(Object(Illuminate\Http\Request))
#6 E:\xampp\htdocs\fpt.vn\cem-2-portal-fpt-telecom\trunk\vendor\laravel\framework\src\Illuminate\Routing\Pipeline.php(52): call_user_func(Object(Closure), Object(Illuminate\Http\Request))
#7 [internal function]: Illuminate\Routing\Pipeline->Illuminate\Routing\{closure}(Object(Illuminate\Http\Request))
#8 E:\xampp\htdocs\fpt.vn\cem-2-portal-fpt-telecom\trunk\vendor\laravel\framework\src\Illuminate\Pipeline\Pipeline.php(103): call_user_func(Object(Closure), Object(Illuminate\Http\Request))
#9 E:\xampp\htdocs\fpt.vn\cem-2-portal-fpt-telecom\trunk\vendor\laravel\framework\src\Illuminate\Routing\ControllerDispatcher.php(96): Illuminate\Pipeline\Pipeline->then(Object(Closure))
#10 E:\xampp\htdocs\fpt.vn\cem-2-portal-fpt-telecom\trunk\vendor\laravel\framework\src\Illuminate\Routing\ControllerDispatcher.php(54): Illuminate\Routing\ControllerDispatcher->callWithinStack(Object(Modules\Backend\Http\Controllers\BillController), Object(Illuminate\Routing\Route), Object(Illuminate\Http\Request), 'getList')
#11 E:\xampp\htdocs\fpt.vn\cem-2-portal-fpt-telecom\trunk\vendor\laravel\framework\src\Illuminate\Routing\Route.php(174): Illuminate\Routing\ControllerDispatcher->dispatch(Object(Illuminate\Routing\Route), Object(Illuminate\Http\Request), 'Modules\\Backend...', 'getList')
#12 E:\xampp\htdocs\fpt.vn\cem-2-portal-fpt-telecom\trunk\vendor\laravel\framework\src\Illuminate\Routing\Route.php(140): Illuminate\Routing\Route->runController(Object(Illuminate\Http\Request))
#13 E:\xampp\htdocs\fpt.vn\cem-2-portal-fpt-telecom\trunk\vendor\laravel\framework\src\Illuminate\Routing\Router.php(724): Illuminate\Routing\Route->run(Object(Illuminate\Http\Request))
#14 [internal function]: Illuminate\Routing\Router->Illuminate\Routing\{closure}(Object(Illuminate\Http\Request))
#15 E:\xampp\htdocs\fpt.vn\cem-2-portal-fpt-telecom\trunk\vendor\laravel\framework\src\Illuminate\Routing\Pipeline.php(52): call_user_func(Object(Closure), Object(Illuminate\Http\Request))
#16 E:\xampp\htdocs\fpt.vn\cem-2-portal-fpt-telecom\trunk\modules\Backend\Http\Middleware\AdminAuthenticate.php(35): Illuminate\Routing\Pipeline->Illuminate\Routing\{closure}(Object(Illuminate\Http\Request))
#17 [internal function]: Modules\Backend\Http\Middleware\AdminAuthenticate->handle(Object(Illuminate\Http\Request), Object(Closure))
#18 E:\xampp\htdocs\fpt.vn\cem-2-portal-fpt-telecom\trunk\vendor\laravel\framework\src\Illuminate\Pipeline\Pipeline.php(136): call_user_func_array(Array, Array)
#19 [internal function]: Illuminate\Pipeline\Pipeline->Illuminate\Pipeline\{closure}(Object(Illuminate\Http\Request))
#20 E:\xampp\htdocs\fpt.vn\cem-2-portal-fpt-telecom\trunk\vendor\laravel\framework\src\Illuminate\Routing\Pipeline.php(32): call_user_func(Object(Closure), Object(Illuminate\Http\Request))
#21 E:\xampp\htdocs\fpt.vn\cem-2-portal-fpt-telecom\trunk\modules\Backend\Http\Middleware\Backend.php(70): Illuminate\Routing\Pipeline->Illuminate\Routing\{closure}(Object(Illuminate\Http\Request))
#22 [internal function]: Modules\Backend\Http\Middleware\Backend->handle(Object(Illuminate\Http\Request), Object(Closure))
#23 E:\xampp\htdocs\fpt.vn\cem-2-portal-fpt-telecom\trunk\vendor\laravel\framework\src\Illuminate\Pipeline\Pipeline.php(136): call_user_func_array(Array, Array)
#24 [internal function]: Illuminate\Pipeline\Pipeline->Illuminate\Pipeline\{closure}(Object(Illuminate\Http\Request))
#25 E:\xampp\htdocs\fpt.vn\cem-2-portal-fpt-telecom\trunk\vendor\laravel\framework\src\Illuminate\Routing\Pipeline.php(32): call_user_func(Object(Closure), Object(Illuminate\Http\Request))
#26 [internal function]: Illuminate\Routing\Pipeline->Illuminate\Routing\{closure}(Object(Illuminate\Http\Request))
#27 E:\xampp\htdocs\fpt.vn\cem-2-portal-fpt-telecom\trunk\vendor\laravel\framework\src\Illuminate\Pipeline\Pipeline.php(103): call_user_func(Object(Closure), Object(Illuminate\Http\Request))
#28 E:\xampp\htdocs\fpt.vn\cem-2-portal-fpt-telecom\trunk\vendor\laravel\framework\src\Illuminate\Routing\Router.php(726): Illuminate\Pipeline\Pipeline->then(Object(Closure))
#29 E:\xampp\htdocs\fpt.vn\cem-2-portal-fpt-telecom\trunk\vendor\laravel\framework\src\Illuminate\Routing\Router.php(699): Illuminate\Routing\Router->runRouteWithinStack(Object(Illuminate\Routing\Route), Object(Illuminate\Http\Request))
#30 E:\xampp\htdocs\fpt.vn\cem-2-portal-fpt-telecom\trunk\vendor\laravel\framework\src\Illuminate\Routing\Router.php(675): Illuminate\Routing\Router->dispatchToRoute(Object(Illuminate\Http\Request))
#31 E:\xampp\htdocs\fpt.vn\cem-2-portal-fpt-telecom\trunk\vendor\laravel\framework\src\Illuminate\Foundation\Http\Kernel.php(246): Illuminate\Routing\Router->dispatch(Object(Illuminate\Http\Request))
#32 [internal function]: Illuminate\Foundation\Http\Kernel->Illuminate\Foundation\Http\{closure}(Object(Illuminate\Http\Request))
#33 E:\xampp\htdocs\fpt.vn\cem-2-portal-fpt-telecom\trunk\vendor\laravel\framework\src\Illuminate\Routing\Pipeline.php(52): call_user_func(Object(Closure), Object(Illuminate\Http\Request))
#34 E:\xampp\htdocs\fpt.vn\cem-2-portal-fpt-telecom\trunk\vendor\barryvdh\laravel-debugbar\src\Middleware\Debugbar.php(49): Illuminate\Routing\Pipeline->Illuminate\Routing\{closure}(Object(Illuminate\Http\Request))
#35 [internal function]: Barryvdh\Debugbar\Middleware\Debugbar->handle(Object(Illuminate\Http\Request), Object(Closure))
#36 E:\xampp\htdocs\fpt.vn\cem-2-portal-fpt-telecom\trunk\vendor\laravel\framework\src\Illuminate\Pipeline\Pipeline.php(136): call_user_func_array(Array, Array)
#37 [internal function]: Illuminate\Pipeline\Pipeline->Illuminate\Pipeline\{closure}(Object(Illuminate\Http\Request))
#38 E:\xampp\htdocs\fpt.vn\cem-2-portal-fpt-telecom\trunk\vendor\laravel\framework\src\Illuminate\Routing\Pipeline.php(32): call_user_func(Object(Closure), Object(Illuminate\Http\Request))
#39 E:\xampp\htdocs\fpt.vn\cem-2-portal-fpt-telecom\trunk\vendor\laravel\framework\src\Illuminate\View\Middleware\ShareErrorsFromSession.php(49): Illuminate\Routing\Pipeline->Illuminate\Routing\{closure}(Object(Illuminate\Http\Request))
#40 [internal function]: Illuminate\View\Middleware\ShareErrorsFromSession->handle(Object(Illuminate\Http\Request), Object(Closure))
#41 E:\xampp\htdocs\fpt.vn\cem-2-portal-fpt-telecom\trunk\vendor\laravel\framework\src\Illuminate\Pipeline\Pipeline.php(136): call_user_func_array(Array, Array)
#42 [internal function]: Illuminate\Pipeline\Pipeline->Illuminate\Pipeline\{closure}(Object(Illuminate\Http\Request))
#43 E:\xampp\htdocs\fpt.vn\cem-2-portal-fpt-telecom\trunk\vendor\laravel\framework\src\Illuminate\Routing\Pipeline.php(32): call_user_func(Object(Closure), Object(Illuminate\Http\Request))
#44 E:\xampp\htdocs\fpt.vn\cem-2-portal-fpt-telecom\trunk\vendor\laravel\framework\src\Illuminate\Session\Middleware\StartSession.php(62): Illuminate\Routing\Pipeline->Illuminate\Routing\{closure}(Object(Illuminate\Http\Request))
#45 [internal function]: Illuminate\Session\Middleware\StartSession->handle(Object(Illuminate\Http\Request), Object(Closure))
#46 E:\xampp\htdocs\fpt.vn\cem-2-portal-fpt-telecom\trunk\vendor\laravel\framework\src\Illuminate\Pipeline\Pipeline.php(136): call_user_func_array(Array, Array)
#47 [internal function]: Illuminate\Pipeline\Pipeline->Illuminate\Pipeline\{closure}(Object(Illuminate\Http\Request))
#48 E:\xampp\htdocs\fpt.vn\cem-2-portal-fpt-telecom\trunk\vendor\laravel\framework\src\Illuminate\Routing\Pipeline.php(32): call_user_func(Object(Closure), Object(Illuminate\Http\Request))
#49 E:\xampp\htdocs\fpt.vn\cem-2-portal-fpt-telecom\trunk\vendor\laravel\framework\src\Illuminate\Cookie\Middleware\AddQueuedCookiesToResponse.php(37): Illuminate\Routing\Pipeline->Illuminate\Routing\{closure}(Object(Illuminate\Http\Request))
#50 [internal function]: Illuminate\Cookie\Middleware\AddQueuedCookiesToResponse->handle(Object(Illuminate\Http\Request), Object(Closure))
#51 E:\xampp\htdocs\fpt.vn\cem-2-portal-fpt-telecom\trunk\vendor\laravel\framework\src\Illuminate\Pipeline\Pipeline.php(136): call_user_func_array(Array, Array)
#52 [internal function]: Illuminate\Pipeline\Pipeline->Illuminate\Pipeline\{closure}(Object(Illuminate\Http\Request))
#53 E:\xampp\htdocs\fpt.vn\cem-2-portal-fpt-telecom\trunk\vendor\laravel\framework\src\Illuminate\Routing\Pipeline.php(32): call_user_func(Object(Closure), Object(Illuminate\Http\Request))
#54 E:\xampp\htdocs\fpt.vn\cem-2-portal-fpt-telecom\trunk\vendor\laravel\framework\src\Illuminate\Foundation\Http\Middleware\CheckForMaintenanceMode.php(44): Illuminate\Routing\Pipeline->Illuminate\Routing\{closure}(Object(Illuminate\Http\Request))
#55 [internal function]: Illuminate\Foundation\Http\Middleware\CheckForMaintenanceMode->handle(Object(Illuminate\Http\Request), Object(Closure))
#56 E:\xampp\htdocs\fpt.vn\cem-2-portal-fpt-telecom\trunk\vendor\laravel\framework\src\Illuminate\Pipeline\Pipeline.php(136): call_user_func_array(Array, Array)
#57 [internal function]: Illuminate\Pipeline\Pipeline->Illuminate\Pipeline\{closure}(Object(Illuminate\Http\Request))
#58 E:\xampp\htdocs\fpt.vn\cem-2-portal-fpt-telecom\trunk\vendor\laravel\framework\src\Illuminate\Routing\Pipeline.php(32): call_user_func(Object(Closure), Object(Illuminate\Http\Request))
#59 [internal function]: Illuminate\Routing\Pipeline->Illuminate\Routing\{closure}(Object(Illuminate\Http\Request))
#60 E:\xampp\htdocs\fpt.vn\cem-2-portal-fpt-telecom\trunk\vendor\laravel\framework\src\Illuminate\Pipeline\Pipeline.php(103): call_user_func(Object(Closure), Object(Illuminate\Http\Request))
#61 E:\xampp\htdocs\fpt.vn\cem-2-portal-fpt-telecom\trunk\vendor\laravel\framework\src\Illuminate\Foundation\Http\Kernel.php(132): Illuminate\Pipeline\Pipeline->then(Object(Closure))
#62 E:\xampp\htdocs\fpt.vn\cem-2-portal-fpt-telecom\trunk\vendor\laravel\framework\src\Illuminate\Foundation\Http\Kernel.php(99): Illuminate\Foundation\Http\Kernel->sendRequestThroughRouter(Object(Illuminate\Http\Request))
#63 E:\xampp\htdocs\fpt.vn\cem-2-portal-fpt-telecom\trunk\index.php(54): Illuminate\Foundation\Http\Kernel->handle(Object(Illuminate\Http\Request))
#64 {main}  
[2016-07-12 03:37:06] local.ERROR: exception 'ErrorException' with message 'Undefined variable: role' in E:\xampp\htdocs\fpt.vn\cem-2-portal-fpt-telecom\trunk\modules\Backend\Http\Controllers\BillController.php:26
Stack trace:
#0 E:\xampp\htdocs\fpt.vn\cem-2-portal-fpt-telecom\trunk\modules\Backend\Http\Controllers\BillController.php(26): Illuminate\Foundation\Bootstrap\HandleExceptions->handleError(8, 'Undefined varia...', 'E:\\xampp\\htdocs...', 26, Array)
#1 [internal function]: Modules\Backend\Http\Controllers\BillController->getList(Object(Illuminate\Http\Request))
#2 E:\xampp\htdocs\fpt.vn\cem-2-portal-fpt-telecom\trunk\vendor\laravel\framework\src\Illuminate\Routing\Controller.php(80): call_user_func_array(Array, Array)
#3 E:\xampp\htdocs\fpt.vn\cem-2-portal-fpt-telecom\trunk\vendor\laravel\framework\src\Illuminate\Routing\ControllerDispatcher.php(146): Illuminate\Routing\Controller->callAction('getList', Array)
#4 E:\xampp\htdocs\fpt.vn\cem-2-portal-fpt-telecom\trunk\vendor\laravel\framework\src\Illuminate\Routing\ControllerDispatcher.php(94): Illuminate\Routing\ControllerDispatcher->call(Object(Modules\Backend\Http\Controllers\BillController), Object(Illuminate\Routing\Route), 'getList')
#5 [internal function]: Illuminate\Routing\ControllerDispatcher->Illuminate\Routing\{closure}(Object(Illuminate\Http\Request))
#6 E:\xampp\htdocs\fpt.vn\cem-2-portal-fpt-telecom\trunk\vendor\laravel\framework\src\Illuminate\Routing\Pipeline.php(52): call_user_func(Object(Closure), Object(Illuminate\Http\Request))
#7 [internal function]: Illuminate\Routing\Pipeline->Illuminate\Routing\{closure}(Object(Illuminate\Http\Request))
#8 E:\xampp\htdocs\fpt.vn\cem-2-portal-fpt-telecom\trunk\vendor\laravel\framework\src\Illuminate\Pipeline\Pipeline.php(103): call_user_func(Object(Closure), Object(Illuminate\Http\Request))
#9 E:\xampp\htdocs\fpt.vn\cem-2-portal-fpt-telecom\trunk\vendor\laravel\framework\src\Illuminate\Routing\ControllerDispatcher.php(96): Illuminate\Pipeline\Pipeline->then(Object(Closure))
#10 E:\xampp\htdocs\fpt.vn\cem-2-portal-fpt-telecom\trunk\vendor\laravel\framework\src\Illuminate\Routing\ControllerDispatcher.php(54): Illuminate\Routing\ControllerDispatcher->callWithinStack(Object(Modules\Backend\Http\Controllers\BillController), Object(Illuminate\Routing\Route), Object(Illuminate\Http\Request), 'getList')
#11 E:\xampp\htdocs\fpt.vn\cem-2-portal-fpt-telecom\trunk\vendor\laravel\framework\src\Illuminate\Routing\Route.php(174): Illuminate\Routing\ControllerDispatcher->dispatch(Object(Illuminate\Routing\Route), Object(Illuminate\Http\Request), 'Modules\\Backend...', 'getList')
#12 E:\xampp\htdocs\fpt.vn\cem-2-portal-fpt-telecom\trunk\vendor\laravel\framework\src\Illuminate\Routing\Route.php(140): Illuminate\Routing\Route->runController(Object(Illuminate\Http\Request))
#13 E:\xampp\htdocs\fpt.vn\cem-2-portal-fpt-telecom\trunk\vendor\laravel\framework\src\Illuminate\Routing\Router.php(724): Illuminate\Routing\Route->run(Object(Illuminate\Http\Request))
#14 [internal function]: Illuminate\Routing\Router->Illuminate\Routing\{closure}(Object(Illuminate\Http\Request))
#15 E:\xampp\htdocs\fpt.vn\cem-2-portal-fpt-telecom\trunk\vendor\laravel\framework\src\Illuminate\Routing\Pipeline.php(52): call_user_func(Object(Closure), Object(Illuminate\Http\Request))
#16 E:\xampp\htdocs\fpt.vn\cem-2-portal-fpt-telecom\trunk\modules\Backend\Http\Middleware\AdminAuthenticate.php(35): Illuminate\Routing\Pipeline->Illuminate\Routing\{closure}(Object(Illuminate\Http\Request))
#17 [internal function]: Modules\Backend\Http\Middleware\AdminAuthenticate->handle(Object(Illuminate\Http\Request), Object(Closure))
#18 E:\xampp\htdocs\fpt.vn\cem-2-portal-fpt-telecom\trunk\vendor\laravel\framework\src\Illuminate\Pipeline\Pipeline.php(136): call_user_func_array(Array, Array)
#19 [internal function]: Illuminate\Pipeline\Pipeline->Illuminate\Pipeline\{closure}(Object(Illuminate\Http\Request))
#20 E:\xampp\htdocs\fpt.vn\cem-2-portal-fpt-telecom\trunk\vendor\laravel\framework\src\Illuminate\Routing\Pipeline.php(32): call_user_func(Object(Closure), Object(Illuminate\Http\Request))
#21 E:\xampp\htdocs\fpt.vn\cem-2-portal-fpt-telecom\trunk\modules\Backend\Http\Middleware\Backend.php(70): Illuminate\Routing\Pipeline->Illuminate\Routing\{closure}(Object(Illuminate\Http\Request))
#22 [internal function]: Modules\Backend\Http\Middleware\Backend->handle(Object(Illuminate\Http\Request), Object(Closure))
#23 E:\xampp\htdocs\fpt.vn\cem-2-portal-fpt-telecom\trunk\vendor\laravel\framework\src\Illuminate\Pipeline\Pipeline.php(136): call_user_func_array(Array, Array)
#24 [internal function]: Illuminate\Pipeline\Pipeline->Illuminate\Pipeline\{closure}(Object(Illuminate\Http\Request))
#25 E:\xampp\htdocs\fpt.vn\cem-2-portal-fpt-telecom\trunk\vendor\laravel\framework\src\Illuminate\Routing\Pipeline.php(32): call_user_func(Object(Closure), Object(Illuminate\Http\Request))
#26 [internal function]: Illuminate\Routing\Pipeline->Illuminate\Routing\{closure}(Object(Illuminate\Http\Request))
#27 E:\xampp\htdocs\fpt.vn\cem-2-portal-fpt-telecom\trunk\vendor\laravel\framework\src\Illuminate\Pipeline\Pipeline.php(103): call_user_func(Object(Closure), Object(Illuminate\Http\Request))
#28 E:\xampp\htdocs\fpt.vn\cem-2-portal-fpt-telecom\trunk\vendor\laravel\framework\src\Illuminate\Routing\Router.php(726): Illuminate\Pipeline\Pipeline->then(Object(Closure))
#29 E:\xampp\htdocs\fpt.vn\cem-2-portal-fpt-telecom\trunk\vendor\laravel\framework\src\Illuminate\Routing\Router.php(699): Illuminate\Routing\Router->runRouteWithinStack(Object(Illuminate\Routing\Route), Object(Illuminate\Http\Request))
#30 E:\xampp\htdocs\fpt.vn\cem-2-portal-fpt-telecom\trunk\vendor\laravel\framework\src\Illuminate\Routing\Router.php(675): Illuminate\Routing\Router->dispatchToRoute(Object(Illuminate\Http\Request))
#31 E:\xampp\htdocs\fpt.vn\cem-2-portal-fpt-telecom\trunk\vendor\laravel\framework\src\Illuminate\Foundation\Http\Kernel.php(246): Illuminate\Routing\Router->dispatch(Object(Illuminate\Http\Request))
#32 [internal function]: Illuminate\Foundation\Http\Kernel->Illuminate\Foundation\Http\{closure}(Object(Illuminate\Http\Request))
#33 E:\xampp\htdocs\fpt.vn\cem-2-portal-fpt-telecom\trunk\vendor\laravel\framework\src\Illuminate\Routing\Pipeline.php(52): call_user_func(Object(Closure), Object(Illuminate\Http\Request))
#34 E:\xampp\htdocs\fpt.vn\cem-2-portal-fpt-telecom\trunk\vendor\barryvdh\laravel-debugbar\src\Middleware\Debugbar.php(49): Illuminate\Routing\Pipeline->Illuminate\Routing\{closure}(Object(Illuminate\Http\Request))
#35 [internal function]: Barryvdh\Debugbar\Middleware\Debugbar->handle(Object(Illuminate\Http\Request), Object(Closure))
#36 E:\xampp\htdocs\fpt.vn\cem-2-portal-fpt-telecom\trunk\vendor\laravel\framework\src\Illuminate\Pipeline\Pipeline.php(136): call_user_func_array(Array, Array)
#37 [internal function]: Illuminate\Pipeline\Pipeline->Illuminate\Pipeline\{closure}(Object(Illuminate\Http\Request))
#38 E:\xampp\htdocs\fpt.vn\cem-2-portal-fpt-telecom\trunk\vendor\laravel\framework\src\Illuminate\Routing\Pipeline.php(32): call_user_func(Object(Closure), Object(Illuminate\Http\Request))
#39 E:\xampp\htdocs\fpt.vn\cem-2-portal-fpt-telecom\trunk\vendor\laravel\framework\src\Illuminate\View\Middleware\ShareErrorsFromSession.php(49): Illuminate\Routing\Pipeline->Illuminate\Routing\{closure}(Object(Illuminate\Http\Request))
#40 [internal function]: Illuminate\View\Middleware\ShareErrorsFromSession->handle(Object(Illuminate\Http\Request), Object(Closure))
#41 E:\xampp\htdocs\fpt.vn\cem-2-portal-fpt-telecom\trunk\vendor\laravel\framework\src\Illuminate\Pipeline\Pipeline.php(136): call_user_func_array(Array, Array)
#42 [internal function]: Illuminate\Pipeline\Pipeline->Illuminate\Pipeline\{closure}(Object(Illuminate\Http\Request))
#43 E:\xampp\htdocs\fpt.vn\cem-2-portal-fpt-telecom\trunk\vendor\laravel\framework\src\Illuminate\Routing\Pipeline.php(32): call_user_func(Object(Closure), Object(Illuminate\Http\Request))
#44 E:\xampp\htdocs\fpt.vn\cem-2-portal-fpt-telecom\trunk\vendor\laravel\framework\src\Illuminate\Session\Middleware\StartSession.php(62): Illuminate\Routing\Pipeline->Illuminate\Routing\{closure}(Object(Illuminate\Http\Request))
#45 [internal function]: Illuminate\Session\Middleware\StartSession->handle(Object(Illuminate\Http\Request), Object(Closure))
#46 E:\xampp\htdocs\fpt.vn\cem-2-portal-fpt-telecom\trunk\vendor\laravel\framework\src\Illuminate\Pipeline\Pipeline.php(136): call_user_func_array(Array, Array)
#47 [internal function]: Illuminate\Pipeline\Pipeline->Illuminate\Pipeline\{closure}(Object(Illuminate\Http\Request))
#48 E:\xampp\htdocs\fpt.vn\cem-2-portal-fpt-telecom\trunk\vendor\laravel\framework\src\Illuminate\Routing\Pipeline.php(32): call_user_func(Object(Closure), Object(Illuminate\Http\Request))
#49 E:\xampp\htdocs\fpt.vn\cem-2-portal-fpt-telecom\trunk\vendor\laravel\framework\src\Illuminate\Cookie\Middleware\AddQueuedCookiesToResponse.php(37): Illuminate\Routing\Pipeline->Illuminate\Routing\{closure}(Object(Illuminate\Http\Request))
#50 [internal function]: Illuminate\Cookie\Middleware\AddQueuedCookiesToResponse->handle(Object(Illuminate\Http\Request), Object(Closure))
#51 E:\xampp\htdocs\fpt.vn\cem-2-portal-fpt-telecom\trunk\vendor\laravel\framework\src\Illuminate\Pipeline\Pipeline.php(136): call_user_func_array(Array, Array)
#52 [internal function]: Illuminate\Pipeline\Pipeline->Illuminate\Pipeline\{closure}(Object(Illuminate\Http\Request))
#53 E:\xampp\htdocs\fpt.vn\cem-2-portal-fpt-telecom\trunk\vendor\laravel\framework\src\Illuminate\Routing\Pipeline.php(32): call_user_func(Object(Closure), Object(Illuminate\Http\Request))
#54 E:\xampp\htdocs\fpt.vn\cem-2-portal-fpt-telecom\trunk\vendor\laravel\framework\src\Illuminate\Foundation\Http\Middleware\CheckForMaintenanceMode.php(44): Illuminate\Routing\Pipeline->Illuminate\Routing\{closure}(Object(Illuminate\Http\Request))
#55 [internal function]: Illuminate\Foundation\Http\Middleware\CheckForMaintenanceMode->handle(Object(Illuminate\Http\Request), Object(Closure))
#56 E:\xampp\htdocs\fpt.vn\cem-2-portal-fpt-telecom\trunk\vendor\laravel\framework\src\Illuminate\Pipeline\Pipeline.php(136): call_user_func_array(Array, Array)
#57 [internal function]: Illuminate\Pipeline\Pipeline->Illuminate\Pipeline\{closure}(Object(Illuminate\Http\Request))
#58 E:\xampp\htdocs\fpt.vn\cem-2-portal-fpt-telecom\trunk\vendor\laravel\framework\src\Illuminate\Routing\Pipeline.php(32): call_user_func(Object(Closure), Object(Illuminate\Http\Request))
#59 [internal function]: Illuminate\Routing\Pipeline->Illuminate\Routing\{closure}(Object(Illuminate\Http\Request))
#60 E:\xampp\htdocs\fpt.vn\cem-2-portal-fpt-telecom\trunk\vendor\laravel\framework\src\Illuminate\Pipeline\Pipeline.php(103): call_user_func(Object(Closure), Object(Illuminate\Http\Request))
#61 E:\xampp\htdocs\fpt.vn\cem-2-portal-fpt-telecom\trunk\vendor\laravel\framework\src\Illuminate\Foundation\Http\Kernel.php(132): Illuminate\Pipeline\Pipeline->then(Object(Closure))
#62 E:\xampp\htdocs\fpt.vn\cem-2-portal-fpt-telecom\trunk\vendor\laravel\framework\src\Illuminate\Foundation\Http\Kernel.php(99): Illuminate\Foundation\Http\Kernel->sendRequestThroughRouter(Object(Illuminate\Http\Request))
#63 E:\xampp\htdocs\fpt.vn\cem-2-portal-fpt-telecom\trunk\index.php(54): Illuminate\Foundation\Http\Kernel->handle(Object(Illuminate\Http\Request))
#64 {main}  
[2016-07-12 03:40:22] local.ERROR: exception 'Symfony\Component\Debug\Exception\FatalErrorException' with message 'Call to undefined method Modules\Backend\Repositories\BillRepository::all()' in E:\xampp\htdocs\fpt.vn\cem-2-portal-fpt-telecom\trunk\modules\Backend\Http\Controllers\BillController.php:24
Stack trace:
#0 {main}  
[2016-07-12 03:40:37] local.ERROR: exception 'Symfony\Component\Debug\Exception\FatalErrorException' with message 'Call to undefined method Modules\Backend\Repositories\BillRepository::get()' in E:\xampp\htdocs\fpt.vn\cem-2-portal-fpt-telecom\trunk\modules\Backend\Http\Controllers\BillController.php:24
Stack trace:
#0 {main}  
